CRITICAL - 2023-05-26 09:27:26 --> Attempt to read property "No" on array
in APPPATH\Views\AsistenView.php on line 17.
 1 APPPATH\Views\AsistenView.php(17): CodeIgniter\Debug\Exceptions->errorHandler(2, 'Attempt to read property "No" on array', 'C:\\Users\\Basisdata\\bebel\\app\\Views\\AsistenView.php', 17)
 2 SYSTEMPATH\View\View.php(213): include('C:\\Users\\Basisdata\\bebel\\app\\Views\\AsistenView.php')
 3 SYSTEMPATH\View\View.php(216): CodeIgniter\View\View->CodeIgniter\View\{closure}()
 4 SYSTEMPATH\Common.php(1184): CodeIgniter\View\View->render('AsistenView', [], true)
 5 APPPATH\Controllers\AsistenController.php(15): view('AsistenView', [...])
 6 SYSTEMPATH\CodeIgniter.php(934): App\Controllers\AsistenController->index()
 7 SYSTEMPATH\CodeIgniter.php(499): CodeIgniter\CodeIgniter->runController(Object(App\Controllers\AsistenController))
 8 SYSTEMPATH\CodeIgniter.php(368): CodeIgniter\CodeIgniter->handleRequest(null, Object(Config\Cache), false)
 9 FCPATH\index.php(67): CodeIgniter\CodeIgniter->run()
10 SYSTEMPATH\Commands\Server\rewrite.php(47): require_once('C:\\Users\\Basisdata\\bebel\\public\\index.php')
CRITICAL - 2023-05-26 09:29:38 --> Undefined array key "NIM"
in APPPATH\Views\AsistenView.php on line 18.
 1 APPPATH\Views\AsistenView.php(18): CodeIgniter\Debug\Exceptions->errorHandler(2, 'Undefined array key "NIM"', 'C:\\Users\\Basisdata\\bebel\\app\\Views\\AsistenView.php', 18)
 2 SYSTEMPATH\View\View.php(213): include('C:\\Users\\Basisdata\\bebel\\app\\Views\\AsistenView.php')
 3 SYSTEMPATH\View\View.php(216): CodeIgniter\View\View->CodeIgniter\View\{closure}()
 4 SYSTEMPATH\Common.php(1184): CodeIgniter\View\View->render('AsistenView', [], true)
 5 APPPATH\Controllers\AsistenController.php(15): view('AsistenView', [...])
 6 SYSTEMPATH\CodeIgniter.php(934): App\Controllers\AsistenController->index()
 7 SYSTEMPATH\CodeIgniter.php(499): CodeIgniter\CodeIgniter->runController(Object(App\Controllers\AsistenController))
 8 SYSTEMPATH\CodeIgniter.php(368): CodeIgniter\CodeIgniter->handleRequest(null, Object(Config\Cache), false)
 9 FCPATH\index.php(67): CodeIgniter\CodeIgniter->run()
10 SYSTEMPATH\Commands\Server\rewrite.php(47): require_once('C:\\Users\\Basisdata\\bebel\\public\\index.php')
