INFO - 2023-06-12 03:13:24 --> CSRF token verified.
INFO - 2023-06-12 03:13:24 --> Session: Class initialized using 'CodeIgniter\Session\Handlers\FileHandler' driver.
INFO - 2023-06-12 03:17:14 --> CSRF token verified.
INFO - 2023-06-12 03:17:14 --> Session: Class initialized using 'CodeIgniter\Session\Handlers\FileHandler' driver.
CRITICAL - 2023-06-12 03:17:14 --> Undefined variable $asisten
in APPPATH\Views\AsistenView.php on line 18.
 1 APPPATH\Views\AsistenView.php(18): CodeIgniter\Debug\Exceptions->errorHandler(2, 'Undefined variable $asisten', 'C:\\Users\\Basisdata\\bebel\\app\\Views\\AsistenView.php', 18)
 2 SYSTEMPATH\View\View.php(213): include('C:\\Users\\Basisdata\\bebel\\app\\Views\\AsistenView.php')
 3 SYSTEMPATH\View\View.php(216): CodeIgniter\View\View->CodeIgniter\View\{closure}()
 4 SYSTEMPATH\Common.php(1184): CodeIgniter\View\View->render('AsistenView', [], true)
 5 APPPATH\Controllers\Login.php(51): view('AsistenView')
 6 SYSTEMPATH\CodeIgniter.php(934): App\Controllers\Login->check()
 7 SYSTEMPATH\CodeIgniter.php(499): CodeIgniter\CodeIgniter->runController(Object(App\Controllers\Login))
 8 SYSTEMPATH\CodeIgniter.php(368): CodeIgniter\CodeIgniter->handleRequest(null, Object(Config\Cache), false)
 9 FCPATH\index.php(67): CodeIgniter\CodeIgniter->run()
10 SYSTEMPATH\Commands\Server\rewrite.php(47): require_once('C:\\Users\\Basisdata\\bebel\\public\\index.php')
INFO - 2023-06-12 03:18:44 --> CSRF token verified.
INFO - 2023-06-12 03:18:44 --> Session: Class initialized using 'CodeIgniter\Session\Handlers\FileHandler' driver.
INFO - 2023-06-12 03:28:38 --> CSRF token verified.
INFO - 2023-06-12 03:28:38 --> Session: Class initialized using 'CodeIgniter\Session\Handlers\FileHandler' driver.
INFO - 2023-06-12 03:29:17 --> CSRF token verified.
INFO - 2023-06-12 03:29:17 --> Session: Class initialized using 'CodeIgniter\Session\Handlers\FileHandler' driver.
